C:\Users\djurkovic\Desktop\Koios\Koios\KoiosWeb\ClientApp\dist\out-tsc\e2e\src\app.po.js
C:\Users\djurkovic\Desktop\Koios\Koios\KoiosWeb\ClientApp\dist\out-tsc\e2e\src\app.po.js.map
C:\Users\djurkovic\Desktop\Koios\Koios\KoiosWeb\ClientApp\dist\out-tsc\e2e\src\app.e2e-spec.js
C:\Users\djurkovic\Desktop\Koios\Koios\KoiosWeb\ClientApp\dist\out-tsc\e2e\src\app.e2e-spec.js.map
C:\Users\djurkovic\Desktop\Koios\Koios\KoiosWeb\ClientApp\dist\out-tsc\src\app\settlement.js
C:\Users\djurkovic\Desktop\Koios\Koios\KoiosWeb\ClientApp\dist\out-tsc\src\app\settlement.js.map
C:\Users\djurkovic\Desktop\Koios\Koios\KoiosWeb\ClientApp\dist\out-tsc\src\app\country.js
C:\Users\djurkovic\Desktop\Koios\Koios\KoiosWeb\ClientApp\dist\out-tsc\src\app\country.js.map
C:\Users\djurkovic\Desktop\Koios\Koios\KoiosWeb\ClientApp\dist\out-tsc\src\app\api.service.js
C:\Users\djurkovic\Desktop\Koios\Koios\KoiosWeb\ClientApp\dist\out-tsc\src\app\api.service.js.map
C:\Users\djurkovic\Desktop\Koios\Koios\KoiosWeb\ClientApp\dist\out-tsc\src\app\settlements\settlements.component.js
C:\Users\djurkovic\Desktop\Koios\Koios\KoiosWeb\ClientApp\dist\out-tsc\src\app\settlements\settlements.component.js.map
C:\Users\djurkovic\Desktop\Koios\Koios\KoiosWeb\ClientApp\dist\out-tsc\src\app\settlement-details\settlement-details.component.js
C:\Users\djurkovic\Desktop\Koios\Koios\KoiosWeb\ClientApp\dist\out-tsc\src\app\settlement-details\settlement-details.component.js.map
C:\Users\djurkovic\Desktop\Koios\Koios\KoiosWeb\ClientApp\dist\out-tsc\src\app\settlement-add\settlement-add.component.js
C:\Users\djurkovic\Desktop\Koios\Koios\KoiosWeb\ClientApp\dist\out-tsc\src\app\settlement-add\settlement-add.component.js.map
C:\Users\djurkovic\Desktop\Koios\Koios\KoiosWeb\ClientApp\dist\out-tsc\src\app\settlement-edit\settlement-edit.component.js
C:\Users\djurkovic\Desktop\Koios\Koios\KoiosWeb\ClientApp\dist\out-tsc\src\app\settlement-edit\settlement-edit.component.js.map
C:\Users\djurkovic\Desktop\Koios\Koios\KoiosWeb\ClientApp\dist\out-tsc\src\app\app-routing.module.js
C:\Users\djurkovic\Desktop\Koios\Koios\KoiosWeb\ClientApp\dist\out-tsc\src\app\app-routing.module.js.map
C:\Users\djurkovic\Desktop\Koios\Koios\KoiosWeb\ClientApp\dist\out-tsc\src\app\app.component.js
C:\Users\djurkovic\Desktop\Koios\Koios\KoiosWeb\ClientApp\dist\out-tsc\src\app\app.component.js.map
C:\Users\djurkovic\Desktop\Koios\Koios\KoiosWeb\ClientApp\dist\out-tsc\src\app\app.module.js
C:\Users\djurkovic\Desktop\Koios\Koios\KoiosWeb\ClientApp\dist\out-tsc\src\app\app.module.js.map
C:\Users\djurkovic\Desktop\Koios\Koios\KoiosWeb\ClientApp\dist\out-tsc\src\environments\environment.js
C:\Users\djurkovic\Desktop\Koios\Koios\KoiosWeb\ClientApp\dist\out-tsc\src\environments\environment.js.map
C:\Users\djurkovic\Desktop\Koios\Koios\KoiosWeb\ClientApp\dist\out-tsc\src\main.js
C:\Users\djurkovic\Desktop\Koios\Koios\KoiosWeb\ClientApp\dist\out-tsc\src\main.js.map
C:\Users\djurkovic\Desktop\Koios\Koios\KoiosWeb\ClientApp\dist\out-tsc\src\polyfills.js
C:\Users\djurkovic\Desktop\Koios\Koios\KoiosWeb\ClientApp\dist\out-tsc\src\polyfills.js.map
C:\Users\djurkovic\Desktop\Koios\Koios\KoiosWeb\ClientApp\dist\out-tsc\src\test.js
C:\Users\djurkovic\Desktop\Koios\Koios\KoiosWeb\ClientApp\dist\out-tsc\src\test.js.map
C:\Users\djurkovic\Desktop\Koios\Koios\KoiosWeb\ClientApp\dist\out-tsc\src\app\api.service.spec.js
C:\Users\djurkovic\Desktop\Koios\Koios\KoiosWeb\ClientApp\dist\out-tsc\src\app\api.service.spec.js.map
C:\Users\djurkovic\Desktop\Koios\Koios\KoiosWeb\ClientApp\dist\out-tsc\src\app\app.component.spec.js
C:\Users\djurkovic\Desktop\Koios\Koios\KoiosWeb\ClientApp\dist\out-tsc\src\app\app.component.spec.js.map
C:\Users\djurkovic\Desktop\Koios\Koios\KoiosWeb\ClientApp\dist\out-tsc\src\app\settlement-add\settlement-add.component.spec.js
C:\Users\djurkovic\Desktop\Koios\Koios\KoiosWeb\ClientApp\dist\out-tsc\src\app\settlement-add\settlement-add.component.spec.js.map
C:\Users\djurkovic\Desktop\Koios\Koios\KoiosWeb\ClientApp\dist\out-tsc\src\app\settlement-details\settlement-details.component.spec.js
C:\Users\djurkovic\Desktop\Koios\Koios\KoiosWeb\ClientApp\dist\out-tsc\src\app\settlement-details\settlement-details.component.spec.js.map
C:\Users\djurkovic\Desktop\Koios\Koios\KoiosWeb\ClientApp\dist\out-tsc\src\app\settlement-edit\settlement-edit.component.spec.js
C:\Users\djurkovic\Desktop\Koios\Koios\KoiosWeb\ClientApp\dist\out-tsc\src\app\settlement-edit\settlement-edit.component.spec.js.map
C:\Users\djurkovic\Desktop\Koios\Koios\KoiosWeb\ClientApp\dist\out-tsc\src\app\settlements\settlements.component.spec.js
C:\Users\djurkovic\Desktop\Koios\Koios\KoiosWeb\ClientApp\dist\out-tsc\src\app\settlements\settlements.component.spec.js.map
C:\Users\djurkovic\Desktop\Koios\Koios\KoiosWeb\ClientApp\dist\out-tsc\src\environments\environment.prod.js
C:\Users\djurkovic\Desktop\Koios\Koios\KoiosWeb\ClientApp\dist\out-tsc\src\environments\environment.prod.js.map
